# JRE version: Java(TM) SE Runtime Environment (8.0_102-b14) (build 1.8.0_102-b14)
# Java VM: Java HotSpot(TM) Client VM (25.102-b14 mixed mode windows-x86 )
Heap:
 def new generation   total 9792K, used 8682K [0x03e00000, 0x048a0000, 0x092a0000)
  eden space 8704K,  99% used [0x03e00000, 0x0466f9c0, 0x04680000)
  from space 1088K,   4% used [0x04790000, 0x0479b158, 0x048a0000)
  to   space 1088K,   0% used [0x04680000, 0x04680000, 0x04790000)
 tenured generation   total 21660K, used 12996K [0x092a0000, 0x0a7c7000, 0x13c00000)
   the space 21660K,  60% used [0x092a0000, 0x09f51000, 0x09f51000, 0x0a7c7000)
 Metaspace       used 10149K, capacity 10575K, committed 10624K, reserved 10624K
GC Heap History (10 events):
Event: 12.566 GC heap before
{Heap before GC invocations=12 (full 1):
 def new generation   total 9792K, used 8717K [0x03e00000, 0x048a0000, 0x092a0000)
  eden space 8704K, 100% used [0x03e00000, 0x04680000, 0x04680000)
  from space 1088K,   1% used [0x04680000, 0x04683458, 0x04790000)
  to   space 1088K,   0% used [0x04790000, 0x04790000, 0x048a0000)
 tenured generation   total 21660K, used 12996K [0x092a0000, 0x0a7c7000, 0x13c00000)
   the space 21660K,  60% used [0x092a0000, 0x09f51000, 0x09f51000, 0x0a7c7000)
 Metaspace       used 9938K, capacity 10378K, committed 10496K, reserved 10624K
Event: 12.567 GC heap after
Heap after GC invocations=13 (full 1):
 def new generation   total 9792K, used 13K [0x03e00000, 0x048a0000, 0x092a0000)
  eden space 8704K,   0% used [0x03e00000, 0x03e00000, 0x04680000)
  from space 1088K,   1% used [0x04790000, 0x04793448, 0x048a0000)
  to   space 1088K,   0% used [0x04680000, 0x04680000, 0x04790000)
 tenured generation   total 21660K, used 12996K [0x092a0000, 0x0a7c7000, 0x13c00000)
   the space 21660K,  60% used [0x092a0000, 0x09f51000, 0x09f51000, 0x0a7c7000)
 Metaspace       used 9938K, capacity 10378K, committed 10496K, reserved 10624K
}
Event: 13.681 GC heap before
{Heap before GC invocations=13 (full 1):
 def new generation   total 9792K, used 8717K [0x03e00000, 0x048a0000, 0x092a0000)
  eden space 8704K, 100% used [0x03e00000, 0x04680000, 0x04680000)
  from space 1088K,   1% used [0x04790000, 0x04793448, 0x048a0000)
  to   space 1088K,   0% used [0x04680000, 0x04680000, 0x04790000)
 tenured generation   total 21660K, used 12996K [0x092a0000, 0x0a7c7000, 0x13c00000)
   the space 21660K,  60% used [0x092a0000, 0x09f51000, 0x09f51000, 0x0a7c7000)
 Metaspace       used 9938K, capacity 10378K, committed 10496K, reserved 10624K
Event: 13.683 GC heap after
Heap after GC invocations=14 (full 1):
 def new generation   total 9792K, used 13K [0x03e00000, 0x048a0000, 0x092a0000)
  eden space 8704K,   0% used [0x03e00000, 0x03e00000, 0x04680000)
  from space 1088K,   1% used [0x04680000, 0x04683448, 0x04790000)
  to   space 1088K,   0% used [0x04790000, 0x04790000, 0x048a0000)
 tenured generation   total 21660K, used 12996K [0x092a0000, 0x0a7c7000, 0x13c00000)
   the space 21660K,  60% used [0x092a0000, 0x09f51000, 0x09f51000, 0x0a7c7000)
 Metaspace       used 9938K, capacity 10378K, committed 10496K, reserved 10624K
}
Event: 14.819 GC heap before
{Heap before GC invocations=14 (full 1):
 def new generation   total 9792K, used 8717K [0x03e00000, 0x048a0000, 0x092a0000)
  eden space 8704K, 100% used [0x03e00000, 0x04680000, 0x04680000)
  from space 1088K,   1% used [0x04680000, 0x04683448, 0x04790000)
  to   space 1088K,   0% used [0x04790000, 0x04790000, 0x048a0000)
 tenured generation   total 21660K, used 12996K [0x092a0000, 0x0a7c7000, 0x13c00000)
   the space 21660K,  60% used [0x092a0000, 0x09f51000, 0x09f51000, 0x0a7c7000)
 Metaspace       used 10126K, capacity 10570K, committed 10624K, reserved 10624K
Event: 14.821 GC heap after
Heap after GC invocations=15 (full 1):
 def new generation   total 9792K, used 44K [0x03e00000, 0x048a0000, 0x092a0000)
  eden space 8704K,   0% used [0x03e00000, 0x03e00000, 0x04680000)
  from space 1088K,   4% used [0x04790000, 0x0479b0b0, 0x048a0000)
  to   space 1088K,   0% used [0x04680000, 0x04680000, 0x04790000)
 tenured generation   total 21660K, used 12996K [0x092a0000, 0x0a7c7000, 0x13c00000)
   the space 21660K,  60% used [0x092a0000, 0x09f51000, 0x09f51000, 0x0a7c7000)
 Metaspace       used 10126K, capacity 10570K, committed 10624K, reserved 10624K
}
Event: 15.920 GC heap before
{Heap before GC invocations=15 (full 1):
 def new generation   total 9792K, used 8748K [0x03e00000, 0x048a0000, 0x092a0000)
  eden space 8704K, 100% used [0x03e00000, 0x04680000, 0x04680000)
  from space 1088K,   4% used [0x04790000, 0x0479b0b0, 0x048a0000)
  to   space 1088K,   0% used [0x04680000, 0x04680000, 0x04790000)
 tenured generation   total 21660K, used 12996K [0x092a0000, 0x0a7c7000, 0x13c00000)
   the space 21660K,  60% used [0x092a0000, 0x09f51000, 0x09f51000, 0x0a7c7000)
 Metaspace       used 10126K, capacity 10570K, committed 10624K, reserved 10624K
Event: 15.922 GC heap after
Heap after GC invocations=16 (full 1):
 def new generation   total 9792K, used 44K [0x03e00000, 0x048a0000, 0x092a0000)
  eden space 8704K,   0% used [0x03e00000, 0x03e00000, 0x04680000)
  from space 1088K,   4% used [0x04680000, 0x0468b0b0, 0x04790000)
  to   space 1088K,   0% used [0x04790000, 0x04790000, 0x048a0000)
 tenured generation   total 21660K, used 12996K [0x092a0000, 0x0a7c7000, 0x13c00000)
   the space 21660K,  60% used [0x092a0000, 0x09f51000, 0x09f51000, 0x0a7c7000)
 Metaspace       used 10126K, capacity 10570K, committed 10624K, reserved 10624K
}
Event: 17.018 GC heap before
{Heap before GC invocations=16 (full 1):
 def new generation   total 9792K, used 8748K [0x03e00000, 0x048a0000, 0x092a0000)
  eden space 8704K, 100% used [0x03e00000, 0x04680000, 0x04680000)
  from space 1088K,   4% used [0x04680000, 0x0468b0b0, 0x04790000)
  to   space 1088K,   0% used [0x04790000, 0x04790000, 0x048a0000)
 tenured generation   total 21660K, used 12996K [0x092a0000, 0x0a7c7000, 0x13c00000)
   the space 21660K,  60% used [0x092a0000, 0x09f51000, 0x09f51000, 0x0a7c7000)
 Metaspace       used 10126K, capacity 10570K, committed 10624K, reserved 10624K
Event: 17.020 GC heap after
Heap after GC invocations=17 (full 1):
 def new generation   total 9792K, used 44K [0x03e00000, 0x048a0000, 0x092a0000)
  eden space 8704K,   0% used [0x03e00000, 0x03e00000, 0x04680000)
  from space 1088K,   4% used [0x04790000, 0x0479b158, 0x048a0000)
  to   space 1088K,   0% used [0x04680000, 0x04680000, 0x04790000)
 tenured generation   total 21660K, used 12996K [0x092a0000, 0x0a7c7000, 0x13c00000)
   the space 21660K,  60% used [0x092a0000, 0x09f51000, 0x09f51000, 0x0a7c7000)
 Metaspace       used 10126K, capacity 10570K, committed 10624K, reserved 10624K
}

