# JRE version: Java(TM) SE Runtime Environment (8.0_102-b14) (build 1.8.0_102-b14)
# Java VM: Java HotSpot(TM) Client VM (25.102-b14 mixed mode windows-x86 )
Heap:
 def new generation   total 9984K, used 8291K [0x03c00000, 0x046d0000, 0x090a0000)
  eden space 8896K,  92% used [0x03c00000, 0x043ff358, 0x044b0000)
  from space 1088K,   9% used [0x045c0000, 0x045d9ae0, 0x046d0000)
  to   space 1088K,   0% used [0x044b0000, 0x044b0000, 0x045c0000)
 tenured generation   total 22024K, used 13212K [0x090a0000, 0x0a622000, 0x13a00000)
   the space 22024K,  59% used [0x090a0000, 0x09d871c0, 0x09d87200, 0x0a622000)
 Metaspace       used 10378K, capacity 10857K, committed 10880K, reserved 11648K
GC Heap History (10 events):
Event: 31.981 GC heap before
{Heap before GC invocations=16 (full 1):
 def new generation   total 9984K, used 8967K [0x03c00000, 0x046d0000, 0x090a0000)
  eden space 8896K, 100% used [0x03c00000, 0x044b0000, 0x044b0000)
  from space 1088K,   6% used [0x044b0000, 0x044c1c70, 0x045c0000)
  to   space 1088K,   0% used [0x045c0000, 0x045c0000, 0x046d0000)
 tenured generation   total 22024K, used 13212K [0x090a0000, 0x0a622000, 0x13a00000)
   the space 22024K,  59% used [0x090a0000, 0x09d871c0, 0x09d87200, 0x0a622000)
 Metaspace       used 10167K, capacity 10660K, committed 10752K, reserved 11648K
Event: 31.983 GC heap after
Heap after GC invocations=17 (full 1):
 def new generation   total 9984K, used 71K [0x03c00000, 0x046d0000, 0x090a0000)
  eden space 8896K,   0% used [0x03c00000, 0x03c00000, 0x044b0000)
  from space 1088K,   6% used [0x045c0000, 0x045d1c70, 0x046d0000)
  to   space 1088K,   0% used [0x044b0000, 0x044b0000, 0x045c0000)
 tenured generation   total 22024K, used 13212K [0x090a0000, 0x0a622000, 0x13a00000)
   the space 22024K,  59% used [0x090a0000, 0x09d871c0, 0x09d87200, 0x0a622000)
 Metaspace       used 10167K, capacity 10660K, committed 10752K, reserved 11648K
}
Event: 33.678 GC heap before
{Heap before GC invocations=17 (full 1):
 def new generation   total 9984K, used 8967K [0x03c00000, 0x046d0000, 0x090a0000)
  eden space 8896K, 100% used [0x03c00000, 0x044b0000, 0x044b0000)
  from space 1088K,   6% used [0x045c0000, 0x045d1c70, 0x046d0000)
  to   space 1088K,   0% used [0x044b0000, 0x044b0000, 0x045c0000)
 tenured generation   total 22024K, used 13212K [0x090a0000, 0x0a622000, 0x13a00000)
   the space 22024K,  59% used [0x090a0000, 0x09d871c0, 0x09d87200, 0x0a622000)
 Metaspace       used 10167K, capacity 10660K, committed 10752K, reserved 11648K
Event: 33.680 GC heap after
Heap after GC invocations=18 (full 1):
 def new generation   total 9984K, used 71K [0x03c00000, 0x046d0000, 0x090a0000)
  eden space 8896K,   0% used [0x03c00000, 0x03c00000, 0x044b0000)
  from space 1088K,   6% used [0x044b0000, 0x044c1c70, 0x045c0000)
  to   space 1088K,   0% used [0x045c0000, 0x045c0000, 0x046d0000)
 tenured generation   total 22024K, used 13212K [0x090a0000, 0x0a622000, 0x13a00000)
   the space 22024K,  59% used [0x090a0000, 0x09d871c0, 0x09d87200, 0x0a622000)
 Metaspace       used 10167K, capacity 10660K, committed 10752K, reserved 11648K
}
Event: 35.732 GC heap before
{Heap before GC invocations=18 (full 1):
 def new generation   total 9984K, used 8967K [0x03c00000, 0x046d0000, 0x090a0000)
  eden space 8896K, 100% used [0x03c00000, 0x044b0000, 0x044b0000)
  from space 1088K,   6% used [0x044b0000, 0x044c1c70, 0x045c0000)
  to   space 1088K,   0% used [0x045c0000, 0x045c0000, 0x046d0000)
 tenured generation   total 22024K, used 13212K [0x090a0000, 0x0a622000, 0x13a00000)
   the space 22024K,  59% used [0x090a0000, 0x09d871c0, 0x09d87200, 0x0a622000)
 Metaspace       used 10167K, capacity 10660K, committed 10752K, reserved 11648K
Event: 35.734 GC heap after
Heap after GC invocations=19 (full 1):
 def new generation   total 9984K, used 71K [0x03c00000, 0x046d0000, 0x090a0000)
  eden space 8896K,   0% used [0x03c00000, 0x03c00000, 0x044b0000)
  from space 1088K,   6% used [0x045c0000, 0x045d1c90, 0x046d0000)
  to   space 1088K,   0% used [0x044b0000, 0x044b0000, 0x045c0000)
 tenured generation   total 22024K, used 13212K [0x090a0000, 0x0a622000, 0x13a00000)
   the space 22024K,  59% used [0x090a0000, 0x09d871c0, 0x09d87200, 0x0a622000)
 Metaspace       used 10167K, capacity 10660K, committed 10752K, reserved 11648K
}
Event: 38.539 GC heap before
{Heap before GC invocations=19 (full 1):
 def new generation   total 9984K, used 8967K [0x03c00000, 0x046d0000, 0x090a0000)
  eden space 8896K, 100% used [0x03c00000, 0x044b0000, 0x044b0000)
  from space 1088K,   6% used [0x045c0000, 0x045d1c90, 0x046d0000)
  to   space 1088K,   0% used [0x044b0000, 0x044b0000, 0x045c0000)
 tenured generation   total 22024K, used 13212K [0x090a0000, 0x0a622000, 0x13a00000)
   the space 22024K,  59% used [0x090a0000, 0x09d871c0, 0x09d87200, 0x0a622000)
 Metaspace       used 10167K, capacity 10660K, committed 10752K, reserved 11648K
Event: 38.541 GC heap after
Heap after GC invocations=20 (full 1):
 def new generation   total 9984K, used 71K [0x03c00000, 0x046d0000, 0x090a0000)
  eden space 8896K,   0% used [0x03c00000, 0x03c00000, 0x044b0000)
  from space 1088K,   6% used [0x044b0000, 0x044c1c80, 0x045c0000)
  to   space 1088K,   0% used [0x045c0000, 0x045c0000, 0x046d0000)
 tenured generation   total 22024K, used 13212K [0x090a0000, 0x0a622000, 0x13a00000)
   the space 22024K,  59% used [0x090a0000, 0x09d871c0, 0x09d87200, 0x0a622000)
 Metaspace       used 10167K, capacity 10660K, committed 10752K, reserved 11648K
}
Event: 40.497 GC heap before
{Heap before GC invocations=20 (full 1):
 def new generation   total 9984K, used 8967K [0x03c00000, 0x046d0000, 0x090a0000)
  eden space 8896K, 100% used [0x03c00000, 0x044b0000, 0x044b0000)
  from space 1088K,   6% used [0x044b0000, 0x044c1c80, 0x045c0000)
  to   space 1088K,   0% used [0x045c0000, 0x045c0000, 0x046d0000)
 tenured generation   total 22024K, used 13212K [0x090a0000, 0x0a622000, 0x13a00000)
   the space 22024K,  59% used [0x090a0000, 0x09d871c0, 0x09d87200, 0x0a622000)
 Metaspace       used 10355K, capacity 10820K, committed 10880K, reserved 11648K
Event: 40.500 GC heap after
Heap after GC invocations=21 (full 1):
 def new generation   total 9984K, used 102K [0x03c00000, 0x046d0000, 0x090a0000)
  eden space 8896K,   0% used [0x03c00000, 0x03c00000, 0x044b0000)
  from space 1088K,   9% used [0x045c0000, 0x045d9ae0, 0x046d0000)
  to   space 1088K,   0% used [0x044b0000, 0x044b0000, 0x045c0000)
 tenured generation   total 22024K, used 13212K [0x090a0000, 0x0a622000, 0x13a00000)
   the space 22024K,  59% used [0x090a0000, 0x09d871c0, 0x09d87200, 0x0a622000)
 Metaspace       used 10355K, capacity 10820K, committed 10880K, reserved 11648K
}

