# JRE version: Java(TM) SE Runtime Environment (8.0_102-b14) (build 1.8.0_102-b14)
# Java VM: Java HotSpot(TM) Client VM (25.102-b14 mixed mode windows-x86 )
Heap:
 def new generation   total 9920K, used 1734K [0x03c00000, 0x046c0000, 0x090a0000)
  eden space 8832K,  19% used [0x03c00000, 0x03da96d0, 0x044a0000)
  from space 1088K,   3% used [0x044a0000, 0x044a84c0, 0x045b0000)
  to   space 1088K,   0% used [0x045b0000, 0x045b0000, 0x046c0000)
 tenured generation   total 21852K, used 13196K [0x090a0000, 0x0a5f7000, 0x13a00000)
   the space 21852K,  60% used [0x090a0000, 0x09d83270, 0x09d83400, 0x0a5f7000)
 Metaspace       used 10363K, capacity 10840K, committed 10880K, reserved 11648K
GC Heap History (10 events):
Event: 47.092 GC heap before
{Heap before GC invocations=35 (full 1):
 def new generation   total 9920K, used 8865K [0x03c00000, 0x046c0000, 0x090a0000)
  eden space 8832K, 100% used [0x03c00000, 0x044a0000, 0x044a0000)
  from space 1088K,   3% used [0x045b0000, 0x045b8700, 0x046c0000)
  to   space 1088K,   0% used [0x044a0000, 0x044a0000, 0x045b0000)
 tenured generation   total 21852K, used 13194K [0x090a0000, 0x0a5f7000, 0x13a00000)
   the space 21852K,  60% used [0x090a0000, 0x09d82b70, 0x09d82c00, 0x0a5f7000)
 Metaspace       used 10348K, capacity 10803K, committed 10880K, reserved 11648K
Event: 47.093 GC heap after
Heap after GC invocations=36 (full 1):
 def new generation   total 9920K, used 33K [0x03c00000, 0x046c0000, 0x090a0000)
  eden space 8832K,   0% used [0x03c00000, 0x03c00000, 0x044a0000)
  from space 1088K,   3% used [0x044a0000, 0x044a84b0, 0x045b0000)
  to   space 1088K,   0% used [0x045b0000, 0x045b0000, 0x046c0000)
 tenured generation   total 21852K, used 13195K [0x090a0000, 0x0a5f7000, 0x13a00000)
   the space 21852K,  60% used [0x090a0000, 0x09d82c38, 0x09d82e00, 0x0a5f7000)
 Metaspace       used 10348K, capacity 10803K, committed 10880K, reserved 11648K
}
Event: 48.493 GC heap before
{Heap before GC invocations=36 (full 1):
 def new generation   total 9920K, used 8865K [0x03c00000, 0x046c0000, 0x090a0000)
  eden space 8832K, 100% used [0x03c00000, 0x044a0000, 0x044a0000)
  from space 1088K,   3% used [0x044a0000, 0x044a84b0, 0x045b0000)
  to   space 1088K,   0% used [0x045b0000, 0x045b0000, 0x046c0000)
 tenured generation   total 21852K, used 13195K [0x090a0000, 0x0a5f7000, 0x13a00000)
   the space 21852K,  60% used [0x090a0000, 0x09d82c38, 0x09d82e00, 0x0a5f7000)
 Metaspace       used 10348K, capacity 10803K, committed 10880K, reserved 11648K
Event: 48.495 GC heap after
Heap after GC invocations=37 (full 1):
 def new generation   total 9920K, used 32K [0x03c00000, 0x046c0000, 0x090a0000)
  eden space 8832K,   0% used [0x03c00000, 0x03c00000, 0x044a0000)
  from space 1088K,   3% used [0x045b0000, 0x045b8320, 0x046c0000)
  to   space 1088K,   0% used [0x044a0000, 0x044a0000, 0x045b0000)
 tenured generation   total 21852K, used 13195K [0x090a0000, 0x0a5f7000, 0x13a00000)
   the space 21852K,  60% used [0x090a0000, 0x09d82dc8, 0x09d82e00, 0x0a5f7000)
 Metaspace       used 10348K, capacity 10803K, committed 10880K, reserved 11648K
}
Event: 49.719 GC heap before
{Heap before GC invocations=37 (full 1):
 def new generation   total 9920K, used 8864K [0x03c00000, 0x046c0000, 0x090a0000)
  eden space 8832K, 100% used [0x03c00000, 0x044a0000, 0x044a0000)
  from space 1088K,   3% used [0x045b0000, 0x045b8320, 0x046c0000)
  to   space 1088K,   0% used [0x044a0000, 0x044a0000, 0x045b0000)
 tenured generation   total 21852K, used 13195K [0x090a0000, 0x0a5f7000, 0x13a00000)
   the space 21852K,  60% used [0x090a0000, 0x09d82dc8, 0x09d82e00, 0x0a5f7000)
 Metaspace       used 10348K, capacity 10803K, committed 10880K, reserved 11648K
Event: 49.720 GC heap after
Heap after GC invocations=38 (full 1):
 def new generation   total 9920K, used 32K [0x03c00000, 0x046c0000, 0x090a0000)
  eden space 8832K,   0% used [0x03c00000, 0x03c00000, 0x044a0000)
  from space 1088K,   3% used [0x044a0000, 0x044a8320, 0x045b0000)
  to   space 1088K,   0% used [0x045b0000, 0x045b0000, 0x046c0000)
 tenured generation   total 21852K, used 13195K [0x090a0000, 0x0a5f7000, 0x13a00000)
   the space 21852K,  60% used [0x090a0000, 0x09d82dc8, 0x09d82e00, 0x0a5f7000)
 Metaspace       used 10348K, capacity 10803K, committed 10880K, reserved 11648K
}
Event: 50.993 GC heap before
{Heap before GC invocations=38 (full 1):
 def new generation   total 9920K, used 8864K [0x03c00000, 0x046c0000, 0x090a0000)
  eden space 8832K, 100% used [0x03c00000, 0x044a0000, 0x044a0000)
  from space 1088K,   3% used [0x044a0000, 0x044a8320, 0x045b0000)
  to   space 1088K,   0% used [0x045b0000, 0x045b0000, 0x046c0000)
 tenured generation   total 21852K, used 13195K [0x090a0000, 0x0a5f7000, 0x13a00000)
   the space 21852K,  60% used [0x090a0000, 0x09d82dc8, 0x09d82e00, 0x0a5f7000)
 Metaspace       used 10348K, capacity 10803K, committed 10880K, reserved 11648K
Event: 50.995 GC heap after
Heap after GC invocations=39 (full 1):
 def new generation   total 9920K, used 33K [0x03c00000, 0x046c0000, 0x090a0000)
  eden space 8832K,   0% used [0x03c00000, 0x03c00000, 0x044a0000)
  from space 1088K,   3% used [0x045b0000, 0x045b86d8, 0x046c0000)
  to   space 1088K,   0% used [0x044a0000, 0x044a0000, 0x045b0000)
 tenured generation   total 21852K, used 13195K [0x090a0000, 0x0a5f7000, 0x13a00000)
   the space 21852K,  60% used [0x090a0000, 0x09d82dc8, 0x09d82e00, 0x0a5f7000)
 Metaspace       used 10348K, capacity 10803K, committed 10880K, reserved 11648K
}
Event: 52.134 GC heap before
{Heap before GC invocations=39 (full 1):
 def new generation   total 9920K, used 8865K [0x03c00000, 0x046c0000, 0x090a0000)
  eden space 8832K, 100% used [0x03c00000, 0x044a0000, 0x044a0000)
  from space 1088K,   3% used [0x045b0000, 0x045b86d8, 0x046c0000)
  to   space 1088K,   0% used [0x044a0000, 0x044a0000, 0x045b0000)
 tenured generation   total 21852K, used 13195K [0x090a0000, 0x0a5f7000, 0x13a00000)
   the space 21852K,  60% used [0x090a0000, 0x09d82dc8, 0x09d82e00, 0x0a5f7000)
 Metaspace       used 10348K, capacity 10803K, committed 10880K, reserved 11648K
Event: 52.136 GC heap after
Heap after GC invocations=40 (full 1):
 def new generation   total 9920K, used 33K [0x03c00000, 0x046c0000, 0x090a0000)
  eden space 8832K,   0% used [0x03c00000, 0x03c00000, 0x044a0000)
  from space 1088K,   3% used [0x044a0000, 0x044a84c0, 0x045b0000)
  to   space 1088K,   0% used [0x045b0000, 0x045b0000, 0x046c0000)
 tenured generation   total 21852K, used 13196K [0x090a0000, 0x0a5f7000, 0x13a00000)
   the space 21852K,  60% used [0x090a0000, 0x09d83270, 0x09d83400, 0x0a5f7000)
 Metaspace       used 10348K, capacity 10803K, committed 10880K, reserved 11648K
}

