# JRE version: Java(TM) SE Runtime Environment (8.0_102-b14) (build 1.8.0_102-b14)
# Java VM: Java HotSpot(TM) Client VM (25.102-b14 mixed mode windows-x86 )
Heap:
 def new generation   total 4992K, used 3060K [0x03c00000, 0x04160000, 0x090a0000)
  eden space 4480K,  68% used [0x03c00000, 0x03efc428, 0x04060000)
  from space 512K,   0% used [0x040e0000, 0x040e0fc0, 0x04160000)
  to   space 512K,   0% used [0x04060000, 0x04060000, 0x040e0000)
 tenured generation   total 19140K, used 14493K [0x090a0000, 0x0a351000, 0x13a00000)
   the space 19140K,  75% used [0x090a0000, 0x09ec75f0, 0x09ec7600, 0x0a351000)
 Metaspace       used 10844K, capacity 11332K, committed 11392K, reserved 11648K
GC Heap History (10 events):
Event: 80.329 GC heap before
{Heap before GC invocations=112 (full 1):
 def new generation   total 4992K, used 4482K [0x03c00000, 0x04160000, 0x090a0000)
  eden space 4480K, 100% used [0x03c00000, 0x04060000, 0x04060000)
  from space 512K,   0% used [0x04060000, 0x04060970, 0x040e0000)
  to   space 512K,   0% used [0x040e0000, 0x040e0000, 0x04160000)
 tenured generation   total 19140K, used 14493K [0x090a0000, 0x0a351000, 0x13a00000)
   the space 19140K,  75% used [0x090a0000, 0x09ec74d8, 0x09ec7600, 0x0a351000)
 Metaspace       used 10832K, capacity 11295K, committed 11392K, reserved 11648K
Event: 80.331 GC heap after
Heap after GC invocations=113 (full 1):
 def new generation   total 4992K, used 2K [0x03c00000, 0x04160000, 0x090a0000)
  eden space 4480K,   0% used [0x03c00000, 0x03c00000, 0x04060000)
  from space 512K,   0% used [0x040e0000, 0x040e0970, 0x04160000)
  to   space 512K,   0% used [0x04060000, 0x04060000, 0x040e0000)
 tenured generation   total 19140K, used 14493K [0x090a0000, 0x0a351000, 0x13a00000)
   the space 19140K,  75% used [0x090a0000, 0x09ec74d8, 0x09ec7600, 0x0a351000)
 Metaspace       used 10832K, capacity 11295K, committed 11392K, reserved 11648K
}
Event: 80.894 GC heap before
{Heap before GC invocations=113 (full 1):
 def new generation   total 4992K, used 4482K [0x03c00000, 0x04160000, 0x090a0000)
  eden space 4480K, 100% used [0x03c00000, 0x04060000, 0x04060000)
  from space 512K,   0% used [0x040e0000, 0x040e0970, 0x04160000)
  to   space 512K,   0% used [0x04060000, 0x04060000, 0x040e0000)
 tenured generation   total 19140K, used 14493K [0x090a0000, 0x0a351000, 0x13a00000)
   the space 19140K,  75% used [0x090a0000, 0x09ec74d8, 0x09ec7600, 0x0a351000)
 Metaspace       used 10832K, capacity 11295K, committed 11392K, reserved 11648K
Event: 80.896 GC heap after
Heap after GC invocations=114 (full 1):
 def new generation   total 4992K, used 2K [0x03c00000, 0x04160000, 0x090a0000)
  eden space 4480K,   0% used [0x03c00000, 0x03c00000, 0x04060000)
  from space 512K,   0% used [0x04060000, 0x040608c0, 0x040e0000)
  to   space 512K,   0% used [0x040e0000, 0x040e0000, 0x04160000)
 tenured generation   total 19140K, used 14493K [0x090a0000, 0x0a351000, 0x13a00000)
   the space 19140K,  75% used [0x090a0000, 0x09ec7568, 0x09ec7600, 0x0a351000)
 Metaspace       used 10832K, capacity 11295K, committed 11392K, reserved 11648K
}
Event: 81.479 GC heap before
{Heap before GC invocations=114 (full 1):
 def new generation   total 4992K, used 4482K [0x03c00000, 0x04160000, 0x090a0000)
  eden space 4480K, 100% used [0x03c00000, 0x04060000, 0x04060000)
  from space 512K,   0% used [0x04060000, 0x040608c0, 0x040e0000)
  to   space 512K,   0% used [0x040e0000, 0x040e0000, 0x04160000)
 tenured generation   total 19140K, used 14493K [0x090a0000, 0x0a351000, 0x13a00000)
   the space 19140K,  75% used [0x090a0000, 0x09ec7568, 0x09ec7600, 0x0a351000)
 Metaspace       used 10832K, capacity 11295K, committed 11392K, reserved 11648K
Event: 81.480 GC heap after
Heap after GC invocations=115 (full 1):
 def new generation   total 4992K, used 2K [0x03c00000, 0x04160000, 0x090a0000)
  eden space 4480K,   0% used [0x03c00000, 0x03c00000, 0x04060000)
  from space 512K,   0% used [0x040e0000, 0x040e0848, 0x04160000)
  to   space 512K,   0% used [0x04060000, 0x04060000, 0x040e0000)
 tenured generation   total 19140K, used 14493K [0x090a0000, 0x0a351000, 0x13a00000)
   the space 19140K,  75% used [0x090a0000, 0x09ec75f0, 0x09ec7600, 0x0a351000)
 Metaspace       used 10832K, capacity 11295K, committed 11392K, reserved 11648K
}
Event: 82.043 GC heap before
{Heap before GC invocations=115 (full 1):
 def new generation   total 4992K, used 4482K [0x03c00000, 0x04160000, 0x090a0000)
  eden space 4480K, 100% used [0x03c00000, 0x04060000, 0x04060000)
  from space 512K,   0% used [0x040e0000, 0x040e0848, 0x04160000)
  to   space 512K,   0% used [0x04060000, 0x04060000, 0x040e0000)
 tenured generation   total 19140K, used 14493K [0x090a0000, 0x0a351000, 0x13a00000)
   the space 19140K,  75% used [0x090a0000, 0x09ec75f0, 0x09ec7600, 0x0a351000)
 Metaspace       used 10832K, capacity 11295K, committed 11392K, reserved 11648K
Event: 82.045 GC heap after
Heap after GC invocations=116 (full 1):
 def new generation   total 4992K, used 2K [0x03c00000, 0x04160000, 0x090a0000)
  eden space 4480K,   0% used [0x03c00000, 0x03c00000, 0x04060000)
  from space 512K,   0% used [0x04060000, 0x04060848, 0x040e0000)
  to   space 512K,   0% used [0x040e0000, 0x040e0000, 0x04160000)
 tenured generation   total 19140K, used 14493K [0x090a0000, 0x0a351000, 0x13a00000)
   the space 19140K,  75% used [0x090a0000, 0x09ec75f0, 0x09ec7600, 0x0a351000)
 Metaspace       used 10832K, capacity 11295K, committed 11392K, reserved 11648K
}
Event: 82.635 GC heap before
{Heap before GC invocations=116 (full 1):
 def new generation   total 4992K, used 4482K [0x03c00000, 0x04160000, 0x090a0000)
  eden space 4480K, 100% used [0x03c00000, 0x04060000, 0x04060000)
  from space 512K,   0% used [0x04060000, 0x04060848, 0x040e0000)
  to   space 512K,   0% used [0x040e0000, 0x040e0000, 0x04160000)
 tenured generation   total 19140K, used 14493K [0x090a0000, 0x0a351000, 0x13a00000)
   the space 19140K,  75% used [0x090a0000, 0x09ec75f0, 0x09ec7600, 0x0a351000)
 Metaspace       used 10832K, capacity 11295K, committed 11392K, reserved 11648K
Event: 82.637 GC heap after
Heap after GC invocations=117 (full 1):
 def new generation   total 4992K, used 3K [0x03c00000, 0x04160000, 0x090a0000)
  eden space 4480K,   0% used [0x03c00000, 0x03c00000, 0x04060000)
  from space 512K,   0% used [0x040e0000, 0x040e0fc0, 0x04160000)
  to   space 512K,   0% used [0x04060000, 0x04060000, 0x040e0000)
 tenured generation   total 19140K, used 14493K [0x090a0000, 0x0a351000, 0x13a00000)
   the space 19140K,  75% used [0x090a0000, 0x09ec75f0, 0x09ec7600, 0x0a351000)
 Metaspace       used 10832K, capacity 11295K, committed 11392K, reserved 11648K
}

